This is pdfTeX, Version 3.141592653-2.6-1.40.29 (TeX Live 2026) (preloaded format=pdflatex 2026.3.19)  2 APR 2026 08:24
entering extended mode
 restricted \write18 enabled.
 %&-line parsing enabled.
**ELAPSE_CSF.tex
(./ELAPSE_CSF.tex
LaTeX2e <2025-11-01>
L3 programming layer <2026-01-19>
(./elsarticle.cls
Document Class: elsarticle 2026/01/09, 3.5: Elsevier Ltd
(/usr/local/texlive/2026basic/texmf-dist/tex/latex/base/fontenc.sty
Package: fontenc 2025/07/18 v2.1d Standard LaTeX package
)
(/usr/local/texlive/2026basic/texmf-dist/tex/latex/l3kernel/expl3.sty
Package: expl3 2026-01-19 L3 programming layer (loader) 

(/usr/local/texlive/2026basic/texmf-dist/tex/latex/l3backend/l3backend-pdftex.d
ef
File: l3backend-pdftex.def 2025-10-09 L3 backend support: PDF output (pdfTeX)
\l__color_backend_stack_int=\count275
))
(/usr/local/texlive/2026basic/texmf-dist/tex/latex/l3packages/xparse/xparse.sty
Package: xparse 2025-10-09 L3 Experimental document command parser
) (/usr/local/texlive/2026basic/texmf-dist/tex/latex/etoolbox/etoolbox.sty
Package: etoolbox 2025/10/02 v2.5m e-TeX tools for LaTeX (JAW)
\etb@tempcnta=\count276
)
\@bls=\dimen148

(/usr/local/texlive/2026basic/texmf-dist/tex/latex/base/article.cls
Document Class: article 2025/01/22 v1.4n Standard LaTeX document class
(/usr/local/texlive/2026basic/texmf-dist/tex/latex/base/size12.clo
File: size12.clo 2025/01/22 v1.4n Standard LaTeX file (size option)
)
\c@part=\count277
\c@section=\count278
\c@subsection=\count279
\c@subsubsection=\count280
\c@paragraph=\count281
\c@subparagraph=\count282
\c@figure=\count283
\c@table=\count284
\abovecaptionskip=\skip49
\belowcaptionskip=\skip50
\bibindent=\dimen149
)
(/usr/local/texlive/2026basic/texmf-dist/tex/latex/graphics/graphicx.sty
Package: graphicx 2024/12/31 v1.2e Enhanced LaTeX Graphics (DPC,SPQR)

(/usr/local/texlive/2026basic/texmf-dist/tex/latex/graphics/keyval.sty
Package: keyval 2022/05/29 v1.15 key=value parser (DPC)
\KV@toks@=\toks17
)
(/usr/local/texlive/2026basic/texmf-dist/tex/latex/graphics/graphics.sty
Package: graphics 2024/08/06 v1.4g Standard LaTeX Graphics (DPC,SPQR)

(/usr/local/texlive/2026basic/texmf-dist/tex/latex/graphics/trig.sty
Package: trig 2023/12/02 v1.11 sin cos tan (DPC)
)
(/usr/local/texlive/2026basic/texmf-dist/tex/latex/graphics-cfg/graphics.cfg
File: graphics.cfg 2016/06/04 v1.11 sample graphics configuration
)
Package graphics Info: Driver file: pdftex.def on input line 106.

(/usr/local/texlive/2026basic/texmf-dist/tex/latex/graphics-def/pdftex.def
File: pdftex.def 2025/09/29 v1.2d Graphics/color driver for pdftex
))
\Gin@req@height=\dimen150
\Gin@req@width=\dimen151
)
\c@tnote=\count285
\c@fnote=\count286
\c@cnote=\count287
\c@ead=\count288
\c@elsarticle@author=\count289
\@eadauthor=\toks18
\c@affn=\count290
\absbox=\box53
\elsarticlehighlightsbox=\box54
\elsarticlegrabsbox=\box55
\keybox=\box56
\Columnwidth=\dimen152
\space@left=\dimen153
\els@boxa=\box57
\els@boxb=\box58
\leftMargin=\dimen154
\@enLab=\toks19
\@sep=\skip51
\@@sep=\skip52

(./ELAPSE_CSF.spl) (/Users/user/Library/texmf/tex/latex/natbib/natbib.sty
Package: natbib 2010/09/13 8.31b (PWD, AO)
\bibhang=\skip53
\bibsep=\skip54
LaTeX Info: Redefining \cite on input line 694.
\c@NAT@ctr=\count291
)
\splwrite=\write3
\openout3 = `ELAPSE_CSF.spl'.

\appnamewidth=\dimen155
)
(/Users/user/Library/texmf/tex/latex/amsmath/amsmath.sty
Package: amsmath 2025/07/09 v2.17z AMS math features
\@mathmargin=\skip55

For additional information on amsmath, use the `?' option.
(/Users/user/Library/texmf/tex/latex/amsmath/amstext.sty
Package: amstext 2024/11/17 v2.01 AMS text

(/Users/user/Library/texmf/tex/latex/amsmath/amsgen.sty
File: amsgen.sty 1999/11/30 v2.0 generic functions
\@emptytoks=\toks20
\ex@=\dimen156
))
(/Users/user/Library/texmf/tex/latex/amsmath/amsbsy.sty
Package: amsbsy 1999/11/29 v1.2d Bold Symbols
\pmbraise@=\dimen157
)
(/Users/user/Library/texmf/tex/latex/amsmath/amsopn.sty
Package: amsopn 2022/04/08 v2.04 operator names
)
\inf@bad=\count292
LaTeX Info: Redefining \frac on input line 233.
\uproot@=\count293
\leftroot@=\count294
LaTeX Info: Redefining \overline on input line 398.
LaTeX Info: Redefining \colon on input line 409.
\classnum@=\count295
\DOTSCASE@=\count296
LaTeX Info: Redefining \ldots on input line 495.
LaTeX Info: Redefining \dots on input line 498.
LaTeX Info: Redefining \cdots on input line 619.
\Mathstrutbox@=\box59
\strutbox@=\box60
LaTeX Info: Redefining \big on input line 721.
LaTeX Info: Redefining \Big on input line 722.
LaTeX Info: Redefining \bigg on input line 723.
LaTeX Info: Redefining \Bigg on input line 724.
\big@size=\dimen158
LaTeX Font Info:    Redeclaring font encoding OML on input line 742.
LaTeX Font Info:    Redeclaring font encoding OMS on input line 743.
\macc@depth=\count297
LaTeX Info: Redefining \bmod on input line 904.
LaTeX Info: Redefining \pmod on input line 909.
LaTeX Info: Redefining \smash on input line 939.
LaTeX Info: Redefining \relbar on input line 969.
LaTeX Info: Redefining \Relbar on input line 970.
\c@MaxMatrixCols=\count298
\dotsspace@=\muskip17
\c@parentequation=\count299
\dspbrk@lvl=\count300
\tag@help=\toks21
\row@=\count301
\column@=\count302
\maxfields@=\count303
\andhelp@=\toks22
\eqnshift@=\dimen159
\alignsep@=\dimen160
\tagshift@=\dimen161
\tagwidth@=\dimen162
\totwidth@=\dimen163
\lineht@=\dimen164
\@envbody=\toks23
\multlinegap=\skip56
\multlinetaggap=\skip57
\mathdisplay@stack=\toks24
LaTeX Info: Redefining \[ on input line 2950.
LaTeX Info: Redefining \] on input line 2951.
)
(/usr/local/texlive/2026basic/texmf-dist/tex/latex/amsfonts/amssymb.sty
Package: amssymb 2013/01/14 v3.01 AMS font symbols

(/usr/local/texlive/2026basic/texmf-dist/tex/latex/amsfonts/amsfonts.sty
Package: amsfonts 2013/01/14 v3.01 Basic AMSFonts support
\symAMSa=\mathgroup4
\symAMSb=\mathgroup5
LaTeX Font Info:    Redeclaring math symbol \hbar on input line 98.
LaTeX Font Info:    Overwriting math alphabet `\mathfrak' in version `bold'
(Font)                  U/euf/m/n --> U/euf/b/n on input line 106.
))
(/Users/user/Library/texmf/tex/latex/amscls/amsthm.sty
Package: amsthm 2020/05/29 v2.20.6
\thm@style=\toks25
\thm@bodyfont=\toks26
\thm@headfont=\toks27
\thm@notefont=\toks28
\thm@headpunct=\toks29
\thm@preskip=\skip58
\thm@postskip=\skip59
\thm@headsep=\skip60
\dth@everypar=\toks30
LaTeX Info: Redefining \qed on input line 273.
)
(/Users/user/Library/texmf/tex/latex/booktabs/booktabs.sty
Package: booktabs 2020/01/12 v1.61803398 Publication quality tables
\heavyrulewidth=\dimen165
\lightrulewidth=\dimen166
\cmidrulewidth=\dimen167
\belowrulesep=\dimen168
\belowbottomsep=\dimen169
\aboverulesep=\dimen170
\abovetopsep=\dimen171
\cmidrulesep=\dimen172
\cmidrulekern=\dimen173
\defaultaddspace=\dimen174
\@cmidla=\count304
\@cmidlb=\count305
\@aboverulesep=\dimen175
\@belowrulesep=\dimen176
\@thisruleclass=\count306
\@lastruleclass=\count307
\@thisrulewidth=\dimen177
)
(/Users/user/Library/texmf/tex/latex/hyperref/hyperref.sty
Package: hyperref 2026-01-29 v7.01p Hypertext links for LaTeX

(/usr/local/texlive/2026basic/texmf-dist/tex/generic/iftex/iftex.sty
Package: iftex 2024/12/12 v1.0g TeX engine tests
)
(/usr/local/texlive/2026basic/texmf-dist/tex/latex/kvsetkeys/kvsetkeys.sty
Package: kvsetkeys 2022-10-05 v1.19 Key value parser (HO)
)
(/usr/local/texlive/2026basic/texmf-dist/tex/generic/kvdefinekeys/kvdefinekeys.
sty
Package: kvdefinekeys 2019-12-19 v1.6 Define keys (HO)
)
(/usr/local/texlive/2026basic/texmf-dist/tex/generic/pdfescape/pdfescape.sty
Package: pdfescape 2019/12/09 v1.15 Implements pdfTeX's escape features (HO)

(/usr/local/texlive/2026basic/texmf-dist/tex/generic/ltxcmds/ltxcmds.sty
Package: ltxcmds 2023-12-04 v1.26 LaTeX kernel commands for general use (HO)
)
(/usr/local/texlive/2026basic/texmf-dist/tex/generic/pdftexcmds/pdftexcmds.sty
Package: pdftexcmds 2020-06-27 v0.33 Utility functions of pdfTeX for LuaTeX (HO
)

(/usr/local/texlive/2026basic/texmf-dist/tex/generic/infwarerr/infwarerr.sty
Package: infwarerr 2019/12/03 v1.5 Providing info/warning/error messages (HO)
)
Package pdftexcmds Info: \pdf@primitive is available.
Package pdftexcmds Info: \pdf@ifprimitive is available.
Package pdftexcmds Info: \pdfdraftmode found.
)) (/usr/local/texlive/2026basic/texmf-dist/tex/latex/hycolor/hycolor.sty
Package: hycolor 2020-01-27 v1.10 Color options for hyperref/bookmark (HO)
)
(/Users/user/Library/texmf/tex/latex/hyperref/nameref.sty
Package: nameref 2026-01-29 v2.58 Cross-referencing by name of section

(/usr/local/texlive/2026basic/texmf-dist/tex/latex/refcount/refcount.sty
Package: refcount 2019/12/15 v3.6 Data extraction from label references (HO)
)
(/usr/local/texlive/2026basic/texmf-dist/tex/generic/gettitlestring/gettitlestr
ing.sty
Package: gettitlestring 2019/12/15 v1.6 Cleanup title references (HO)

(/usr/local/texlive/2026basic/texmf-dist/tex/latex/kvoptions/kvoptions.sty
Package: kvoptions 2022-06-15 v3.15 Key value format for package options (HO)
))
\c@section@level=\count308
)
(/usr/local/texlive/2026basic/texmf-dist/tex/generic/stringenc/stringenc.sty
Package: stringenc 2019/11/29 v1.12 Convert strings between diff. encodings (HO
)
)
\@linkdim=\dimen178
\Hy@linkcounter=\count309
\Hy@pagecounter=\count310

(/Users/user/Library/texmf/tex/latex/hyperref/pd1enc.def
File: pd1enc.def 2026-01-29 v7.01p Hyperref: PDFDocEncoding definition (HO)
Now handling font encoding PD1 ...
... no UTF-8 mapping file for font encoding PD1
)
(/usr/local/texlive/2026basic/texmf-dist/tex/generic/intcalc/intcalc.sty
Package: intcalc 2019/12/15 v1.3 Expandable calculations with integers (HO)
)
\Hy@SavedSpaceFactor=\count311

(/Users/user/Library/texmf/tex/latex/hyperref/puenc.def
File: puenc.def 2026-01-29 v7.01p Hyperref: PDF Unicode definition (HO)
Now handling font encoding PU ...
... no UTF-8 mapping file for font encoding PU
)
Package hyperref Info: Hyper figures OFF on input line 4201.
Package hyperref Info: Link nesting OFF on input line 4206.
Package hyperref Info: Hyper index ON on input line 4209.
Package hyperref Info: Plain pages OFF on input line 4216.
Package hyperref Info: Backreferencing OFF on input line 4221.
Package hyperref Info: Implicit mode ON; LaTeX internals redefined.
Package hyperref Info: Bookmarks ON on input line 4468.
\c@Hy@tempcnt=\count312

(/usr/local/texlive/2026basic/texmf-dist/tex/latex/url/url.sty
\Urlmuskip=\muskip18
Package: url 2013/09/16  ver 3.4  Verb mode for urls, etc.
)
LaTeX Info: Redefining \url on input line 4807.
\XeTeXLinkMargin=\dimen179

(/Users/user/Library/texmf/tex/generic/bitset/bitset.sty
Package: bitset 2019/12/09 v1.3 Handle bit-vector datatype (HO)

(/Users/user/Library/texmf/tex/generic/bigintcalc/bigintcalc.sty
Package: bigintcalc 2019/12/15 v1.5 Expandable calculations on big integers (HO
)
))
\Fld@menulength=\count313
\Field@Width=\dimen180
\Fld@charsize=\dimen181
Package hyperref Info: Hyper figures OFF on input line 6084.
Package hyperref Info: Link nesting OFF on input line 6089.
Package hyperref Info: Hyper index ON on input line 6092.
Package hyperref Info: backreferencing OFF on input line 6099.
Package hyperref Info: Link coloring OFF on input line 6104.
Package hyperref Info: Link coloring with OCG OFF on input line 6109.
Package hyperref Info: PDF/A mode OFF on input line 6114.
\Hy@abspage=\count314
\c@Item=\count315
\c@Hfootnote=\count316
)
Package hyperref Info: Driver (autodetected): hpdftex.

(/Users/user/Library/texmf/tex/latex/hyperref/hpdftex.def
File: hpdftex.def 2026-01-29 v7.01p Hyperref driver for pdfTeX
\Fld@listcount=\count317
\c@bookmark@seq@number=\count318

(/usr/local/texlive/2026basic/texmf-dist/tex/latex/rerunfilecheck/rerunfilechec
k.sty
Package: rerunfilecheck 2025-06-21 v1.11 Rerun checks for auxiliary files (HO)

(/usr/local/texlive/2026basic/texmf-dist/tex/generic/uniquecounter/uniquecounte
r.sty
Package: uniquecounter 2019/12/15 v1.4 Provide unlimited unique counter (HO)
)
Package uniquecounter Info: New unique counter `rerunfilecheck' on input line 2
84.
)
\Hy@SectionHShift=\skip61
) (/Users/user/Library/texmf/tex/latex/xcolor/xcolor.sty
Package: xcolor 2024/09/29 v3.02 LaTeX color extensions (UK)

(/usr/local/texlive/2026basic/texmf-dist/tex/latex/graphics-cfg/color.cfg
File: color.cfg 2016/01/02 v1.6 sample color configuration
)
Package xcolor Info: Driver file: pdftex.def on input line 274.

(/usr/local/texlive/2026basic/texmf-dist/tex/latex/graphics/mathcolor.ltx)
Package xcolor Info: Model `cmy' substituted by `cmy0' on input line 1349.
Package xcolor Info: Model `hsb' substituted by `rgb' on input line 1353.
Package xcolor Info: Model `RGB' extended on input line 1365.
Package xcolor Info: Model `HTML' substituted by `rgb' on input line 1367.
Package xcolor Info: Model `Hsb' substituted by `hsb' on input line 1368.
Package xcolor Info: Model `tHsb' substituted by `hsb' on input line 1369.
Package xcolor Info: Model `HSB' substituted by `hsb' on input line 1370.
Package xcolor Info: Model `Gray' substituted by `gray' on input line 1371.
Package xcolor Info: Model `wave' substituted by `hsb' on input line 1372.
)
(/Users/user/Library/texmf/tex/latex/multirow/multirow.sty
Package: multirow 2024/11/12 v2.9 Span multiple rows of a table
\multirow@colwidth=\skip62
\multirow@cntb=\count319
\multirow@dima=\skip63
\bigstrutjot=\dimen182
)
(/Users/user/Library/texmf/tex/latex/caption/caption.sty
Package: caption 2023/08/05 v3.6o Customizing captions (AR)

(/Users/user/Library/texmf/tex/latex/caption/caption3.sty
Package: caption3 2023/07/31 v2.4d caption3 kernel (AR)
\caption@tempdima=\dimen183
\captionmargin=\dimen184
\caption@leftmargin=\dimen185
\caption@rightmargin=\dimen186
\caption@width=\dimen187
\caption@indent=\dimen188
\caption@parindent=\dimen189
\caption@hangindent=\dimen190
Package caption Info: elsarticle document class detected.

(/Users/user/Library/texmf/tex/latex/caption/caption-elsarticle.sto
File: caption-elsarticle.sto 2020/08/22 v2.0 Adaption of the caption package to
 the elsarticle document class (AR)
))
\c@caption@flags=\count320
\c@continuedfloat=\count321
Package caption Info: hyperref package is loaded.
)
(/Users/user/Library/texmf/tex/latex/caption/subcaption.sty
Package: subcaption 2023/07/28 v1.6b Sub-captions (AR)
Package caption Info: New subtype `subfigure' on input line 238.
\c@subfigure=\count322
Package caption Info: New subtype `subtable' on input line 238.
\c@subtable=\count323
)
(/usr/local/texlive/2026basic/texmf-dist/tex/latex/psnfss/pifont.sty
Package: pifont 2020/03/25 PSNFSS-v9.3 Pi font support (SPQR) 
LaTeX Font Info:    Trying to load font information for U+pzd on input line 63.


(/usr/local/texlive/2026basic/texmf-dist/tex/latex/psnfss/upzd.fd
File: upzd.fd 2001/06/04 font definitions for U/pzd.
)
LaTeX Font Info:    Trying to load font information for U+psy on input line 64.


(/usr/local/texlive/2026basic/texmf-dist/tex/latex/psnfss/upsy.fd
File: upsy.fd 2001/06/04 font definitions for U/psy.
))
\c@theorem=\count324
\c@lemma=\count325
\c@observation=\count326
\c@proposition=\count327
\c@conjecture=\count328
\c@corollary=\count329
\c@remark=\count330
\c@definition=\count331

(./ELAPSE_CSF.aux)
\openout1 = `ELAPSE_CSF.aux'.

LaTeX Font Info:    Checking defaults for OML/cmm/m/it on input line 50.
LaTeX Font Info:    ... okay on input line 50.
LaTeX Font Info:    Checking defaults for OMS/cmsy/m/n on input line 50.
LaTeX Font Info:    ... okay on input line 50.
LaTeX Font Info:    Checking defaults for OT1/cmr/m/n on input line 50.
LaTeX Font Info:    ... okay on input line 50.
LaTeX Font Info:    Checking defaults for T1/cmr/m/n on input line 50.
LaTeX Font Info:    ... okay on input line 50.
LaTeX Font Info:    Checking defaults for TS1/cmr/m/n on input line 50.
LaTeX Font Info:    ... okay on input line 50.
LaTeX Font Info:    Checking defaults for OMX/cmex/m/n on input line 50.
LaTeX Font Info:    ... okay on input line 50.
LaTeX Font Info:    Checking defaults for U/cmr/m/n on input line 50.
LaTeX Font Info:    ... okay on input line 50.
LaTeX Font Info:    Checking defaults for PD1/pdf/m/n on input line 50.
LaTeX Font Info:    ... okay on input line 50.
LaTeX Font Info:    Checking defaults for PU/pdf/m/n on input line 50.
LaTeX Font Info:    ... okay on input line 50.

(/usr/local/texlive/2026basic/texmf-dist/tex/context/base/mkii/supp-pdf.mkii
[Loading MPS to PDF converter (version 2006.09.02).]
\scratchcounter=\count332
\scratchdimen=\dimen191
\scratchbox=\box61
\nofMPsegments=\count333
\nofMParguments=\count334
\everyMPshowfont=\toks31
\MPscratchCnt=\count335
\MPscratchDim=\dimen192
\MPnumerator=\count336
\makeMPintoPDFobject=\count337
\everyMPtoPDFconversion=\toks32
) (/Users/user/Library/texmf/tex/latex/epstopdf-pkg/epstopdf-base.sty
Package: epstopdf-base 2020-01-24 v2.11 Base part for package epstopdf
Package epstopdf-base Info: Redefining graphics rule for `.eps' on input line 4
85.

(/usr/local/texlive/2026basic/texmf-dist/tex/latex/latexconfig/epstopdf-sys.cfg
File: epstopdf-sys.cfg 2010/07/13 v1.3 Configuration of (r)epstopdf for TeX Liv
e
))
Package hyperref Info: Link coloring OFF on input line 50.
 (./ELAPSE_CSF.out) (./ELAPSE_CSF.out)
\@outlinefile=\write4
\openout4 = `ELAPSE_CSF.out'.

Package caption Info: Begin \AtBeginDocument code.
Package caption Info: End \AtBeginDocument code.
LaTeX Font Info:    Trying to load font information for U+msa on input line 70.


(/usr/local/texlive/2026basic/texmf-dist/tex/latex/amsfonts/umsa.fd
File: umsa.fd 2013/01/14 v3.01 AMS symbols A
)
LaTeX Font Info:    Trying to load font information for U+msb on input line 70.


(/usr/local/texlive/2026basic/texmf-dist/tex/latex/amsfonts/umsb.fd
File: umsb.fd 2013/01/14 v3.01 AMS symbols B
) [1


{/usr/local/texlive/2026basic/texmf-var/fonts/map/pdftex/updmap/pdftex.map}] [2
]
[3] [4] [5] [6] [7]

LaTeX Warning: Reference `eq:sde' on page 8 undefined on input line 330.

[8]
Overfull \hbox (12.97816pt too wide) in paragraph at lines 345--347
[]\T1/cmr/m/n/12 Table []1[] sum-marises how ELAPSE dif-fers from the three dom
-i-nant paradigms
 []


Overfull \hbox (32.74321pt too wide) in paragraph at lines 357--374
 [][] 
 []

[9] [10]
Overfull \hbox (1.19559pt too wide) in paragraph at lines 406--409
\OT1/cmr/m/n/12 [0\OML/cmm/m/it/12 ; \OT1/cmr/m/n/12 1]$\T1/cmr/m/n/12 , mea-su
r-ing ur-gency of era-sure. The com-pos-ite mor-tal-ity pres-sure $\OT1/cmr/m/n
/12 ^^A(\OML/cmm/m/it/12 t\OT1/cmr/m/n/12 ) =
 []

[11] [12] [13] [14]
Overfull \hbox (2.39136pt too wide) in paragraph at lines 599--610
[][] \OML/cmm/m/it/12 h\OT1/cmr/m/n/12 (\OML/cmm/m/it/12 r\OT1/cmr/m/n/12 )[] \
OML/cmm/m/it/12 dr \OT1/cmr/m/n/12 = \OML/cmm/m/it/12 ^^[[] [][] r[] dr \OT1/cm
r/m/n/12 = +\OMS/cmsy/m/n/12 1$\T1/cmr/m/n/12 , ver-i-fy-ing the Yamada--Watana
be Hölder-
 []

[15] [16] [17]

Package hyperref Warning: Token not allowed in a PDF string (Unicode):
(hyperref)                removing `math shift' on input line 732.


Package hyperref Warning: Token not allowed in a PDF string (Unicode):
(hyperref)                removing `subscript' on input line 732.


Package hyperref Warning: Token not allowed in a PDF string (Unicode):
(hyperref)                removing `math shift' on input line 732.

[18] [19] [20]

! LaTeX Error: \mathrm allowed only in math mode.

See the LaTeX manual or LaTeX Companion for explanation.
Type  H <return>  for immediate help.
 ...                                              
                                                  
l.871 \emph{linearised} surrogate {\mathrm
                                          {lin}}$; the full nonlinear
You're in trouble here.  Try typing  <return>  to proceed.
If that doesn't work, type  X <return>  to quit.

[21]
Overfull \hbox (24.79936pt too wide) in paragraph at lines 899--906
[]\T1/cmr/m/n/12 Homogeneous mor-tal-ity re-duces $\OML/cmm/m/it/12 M\OT1/cmr/m
/n/12 (\OML/cmm/m/it/12 t\OT1/cmr/m/n/12 )$ \T1/cmr/m/n/12 at rate $\OML/cmm/m/
it/12 ^^V\OT1/cmr/m/n/12 ^^A(\OML/cmm/m/it/12 t\OT1/cmr/m/n/12 ) \OMS/cmsy/m/n/
12 ^^U \OML/cmm/m/it/12 ^^V^^N[]$\T1/cmr/m/n/12 , so $\U/msb/m/n/12 E\OT1/cmr/m
/n/12 [\OML/cmm/m/it/12 M\OT1/cmr/m/n/12 (\OML/cmm/m/it/12 T\OT1/cmr/m/n/12 )] 
\OMS/cmsy/m/n/12 ^^T
 []


Overfull \hbox (0.70032pt too wide) in paragraph at lines 910--917
\T1/cmr/m/it/12 the \T1/cmr/m/n/12 phys-i-cal re-cov-ery \T1/cmr/m/it/12 of dat
a whose net-work life-time is con-trolled by ELAPSE.
 []

[22]
Overfull \hbox (22.11346pt too wide) in paragraph at lines 968--971
[]\T1/cmr/m/n/12 Since ELAPSE ap-plies mor-tal-ity con-tin-u-ously from $\OML/c
mm/m/it/12 t \OT1/cmr/m/n/12 = 0$\T1/cmr/m/n/12 , both $\OML/cmm/m/it/12 H\OT1/
cmr/m/n/12 (\OML/cmm/m/it/12 t\OT1/cmr/m/n/12 ; \OT1/cmr/bx/n/12 w[]\OT1/cmr/m/
n/12 ) \OMS/cmsy/m/n/12 ^^T
 []

[23] [24] [25] [26]
<../../output/figures/fig1_entropy_n100.pdf, id=604, 1073.7765pt x 383.93437pt>

File: ../../output/figures/fig1_entropy_n100.pdf Graphic file (type pdf)
<use ../../output/figures/fig1_entropy_n100.pdf>
Package pdftex.def Info: ../../output/figures/fig1_entropy_n100.pdf  used on in
put line 1111.
(pdftex.def)             Requested size: 390.0pt x 139.44652pt.
 (../tables/t500_ER_M0.tex) (../tables/t500_BA_M0.tex)
(../tables/t500_WS_M0.tex) (../tables/t500_ER_M1.tex) (../tables/t500_BA_M1.tex
) (../tables/t500_WS_M1.tex) (../tables/t500_ER_M2.tex)
(../tables/t500_BA_M2.tex) (../tables/t500_WS_M2.tex) (../tables/t500_ER_M3.tex
) (../tables/t500_BA_M3.tex) (../tables/t500_WS_M3.tex)
(../tables/t500_ER_M4.tex) (../tables/t500_BA_M4.tex) (../tables/t500_WS_M4.tex
) (../tables/t500_ER_M5.tex) (../tables/t500_BA_M5.tex)
(../tables/t500_WS_M5.tex) (../tables/t500_ER_M6.tex) (../tables/t500_BA_M6.tex
) (../tables/t500_WS_M6.tex) [27 <../../output/figures/fig1_entropy_n100.pdf>]
<../../output/figures/fig2_iee_n500.pdf, id=716, 1002.23494pt x 388.4579pt>
File: ../../output/figures/fig2_iee_n500.pdf Graphic file (type pdf)
<use ../../output/figures/fig2_iee_n500.pdf>
Package pdftex.def Info: ../../output/figures/fig2_iee_n500.pdf  used on input 
line 1153.
(pdftex.def)             Requested size: 390.0pt x 151.1601pt.

[28] [29 <../../output/figures/fig2_iee_n500.pdf>]
<../../output/figures/fig3_weights_n100.pdf, id=807, 930.33571pt x 320.91206pt>

File: ../../output/figures/fig3_weights_n100.pdf Graphic file (type pdf)
<use ../../output/figures/fig3_weights_n100.pdf>
Package pdftex.def Info: ../../output/figures/fig3_weights_n100.pdf  used on in
put line 1208.
(pdftex.def)             Requested size: 390.0pt x 134.52751pt.
 [30 <../../output/figures/fig3_weights_n100.pdf>]
<../../output/figures/fig4_scaling.pdf, id=912, 709.24367pt x 388.04036pt>
File: ../../output/figures/fig4_scaling.pdf Graphic file (type pdf)
<use ../../output/figures/fig4_scaling.pdf>
Package pdftex.def Info: ../../output/figures/fig4_scaling.pdf  used on input l
ine 1224.
(pdftex.def)             Requested size: 390.0pt x 213.38141pt.
<../../output/figures/fig5_sensitivity.pdf, id=916, 930.29117pt x 356.4837pt>
File: ../../output/figures/fig5_sensitivity.pdf Graphic file (type pdf)
<use ../../output/figures/fig5_sensitivity.pdf>
Package pdftex.def Info: ../../output/figures/fig5_sensitivity.pdf  used on inp
ut line 1264.
(pdftex.def)             Requested size: 312.00119pt x 119.55467pt.
 [31 <../../output/figures/fig4_scaling.pdf>] [32 <../../output/figures/fig5_se
nsitivity.pdf>] [33] (../tables/t_snap_g08_bfs_M6.tex)
(../tables/t_snap_g31_bfs_M6.tex) [34] [35] [36] [37] [38]
<../../output/figures/fig6_adversarial.pdf, id=1148, 929.91476pt x 710.45552pt>

File: ../../output/figures/fig6_adversarial.pdf Graphic file (type pdf)
<use ../../output/figures/fig6_adversarial.pdf>
Package pdftex.def Info: ../../output/figures/fig6_adversarial.pdf  used on inp
ut line 1500.
(pdftex.def)             Requested size: 390.0pt x 297.95566pt.
 [39 <../../output/figures/fig6_adversarial.pdf>] [40]
<../../output/figures/fig7_gossip.pdf, id=1262, 1073.3756pt x 330.67665pt>
File: ../../output/figures/fig7_gossip.pdf Graphic file (type pdf)
<use ../../output/figures/fig7_gossip.pdf>
Package pdftex.def Info: ../../output/figures/fig7_gossip.pdf  used on input li
ne 1566.
(pdftex.def)             Requested size: 390.0pt x 120.14851pt.
 [41 <../../output/figures/fig7_gossip.pdf>]
[42]

Package hyperref Warning: Token not allowed in a PDF string (Unicode):
(hyperref)                removing `math shift' on input line 1645.


Package hyperref Warning: Token not allowed in a PDF string (Unicode):
(hyperref)                removing `\lambda' on input line 1645.


Package hyperref Warning: Token not allowed in a PDF string (Unicode):
(hyperref)                removing `subscript' on input line 1645.


Package hyperref Warning: Token not allowed in a PDF string (Unicode):
(hyperref)                removing `math shift' on input line 1645.

<../../output/figures/fig8_m3_analysis.pdf, id=1369, 1002.20425pt x 391.74481pt
>
File: ../../output/figures/fig8_m3_analysis.pdf Graphic file (type pdf)
<use ../../output/figures/fig8_m3_analysis.pdf>
Package pdftex.def Info: ../../output/figures/fig8_m3_analysis.pdf  used on inp
ut line 1666.
(pdftex.def)             Requested size: 390.0pt x 152.44511pt.
[43] [44 <../../output/figures/fig8_m3_analysis.pdf>]
Overfull \hbox (5.96442pt too wide) in paragraph at lines 1721--1730
[]\T1/cmr/m/n/12 Five the-o-ret-i-cal re-sults: well-posedness (The-o-rem []1[]
), spec-tral IEE bound
 []


Overfull \hbox (7.00151pt too wide) in paragraph at lines 1730--1734
[]\T1/cmr/m/n/12 Analytical dom-i-nance over chrono-log-i-cal timer (Propo-si-t
ion []2[]): ELAPSE
 []

[45] [46] (./ELAPSE_CSF.bbl [47]
Underfull \hbox (badness 10000) in paragraph at lines 28--31
\T1/cmr/m/n/12 URL []$\T1/cmtt/m/n/12 https : / / www . verizon . com / busines
s / resources / reports /
 []

[48] [49]
Underfull \hbox (badness 1748) in paragraph at lines 128--130
[]\T1/cmr/m/n/12 A. Oester-ling, J. Ma, F. P. Cal-mon, Fair ma-chine un-learn-i
ng:
 []


Underfull \hbox (badness 1917) in paragraph at lines 128--130
\T1/cmr/m/n/12 Data re-moval while mit-i-gat-ing dis-parate im-pact, arXiv prep
rint
 []

[50] [51]) [52] (./ELAPSE_CSF.aux)
 ***********
LaTeX2e <2025-11-01>
L3 programming layer <2026-01-19>
 ***********


LaTeX Warning: There were undefined references.

Package rerunfilecheck Info: File `ELAPSE_CSF.out' has not changed.
(rerunfilecheck)             Checksum: 0F44B03D59E550DCD26BF4DA732104D4;11353.
 ) 
Here is how much of TeX's memory you used:
 13725 strings out of 469006
 217089 string characters out of 5454813
 622382 words of memory out of 5000000
 41925 multiletter control sequences out of 15000+600000
 654451 words of font info for 109 fonts, out of 8000000 for 9000
 319 hyphenation exceptions out of 8191
 75i,12n,79p,547b,686s stack positions out of 10000i,1000n,20000p,200000b,200000s
 </Users/user/Library/texlive/2026basic/texmf-var/fonts/pk/ljfour/jknappen/ec
/ectt1200.600pk> </Users/user/Library/texlive/2026basic/texmf-var/fonts/pk/ljfo
ur/jknappen/ec/ecit1095.600pk> </Users/user/Library/texlive/2026basic/texmf-var
/fonts/pk/ljfour/jknappen/ec/ecti1095.600pk> </Users/user/Library/texlive/2026b
asic/texmf-var/fonts/pk/ljfour/jknappen/ec/ecbi1200.600pk> </Users/user/Library
/texlive/2026basic/texmf-var/fonts/pk/ljfour/jknappen/ec/tcrm1200.600pk> </User
s/user/Library/texlive/2026basic/texmf-var/fonts/pk/ljfour/jknappen/ec/ecbx1095
.600pk> </Users/user/Library/texlive/2026basic/texmf-var/fonts/pk/ljfour/jknapp
en/ec/ecrm1095.600pk> </Users/user/Library/texlive/2026basic/texmf-var/fonts/pk
/ljfour/jknappen/ec/ecrm1000.600pk> </Users/user/Library/texlive/2026basic/texm
f-var/fonts/pk/ljfour/jknappen/ec/ectt1000.600pk> </Users/user/Library/texlive/
2026basic/texmf-var/fonts/pk/ljfour/jknappen/ec/ecti1200.600pk> </Users/user/Li
brary/texlive/2026basic/texmf-var/fonts/pk/ljfour/jknappen/ec/ecbx1200.600pk> <
/Users/user/Library/texlive/2026basic/texmf-var/fonts/pk/ljfour/jknappen/ec/ect
i1000.600pk> </Users/user/Library/texlive/2026basic/texmf-var/fonts/pk/ljfour/j
knappen/ec/ecti0700.600pk> </Users/user/Library/texlive/2026basic/texmf-var/fon
ts/pk/ljfour/jknappen/ec/ecrm0800.600pk> </Users/user/Library/texlive/2026basic
/texmf-var/fonts/pk/ljfour/jknappen/ec/ecrm1200.600pk> </Users/user/Library/tex
live/2026basic/texmf-var/fonts/pk/ljfour/jknappen/ec/ecrm1728.600pk></usr/local
/texlive/2026basic/texmf-dist/fonts/type1/public/amsfonts/cm/cmbx10.pfb></usr/l
ocal/texlive/2026basic/texmf-dist/fonts/type1/public/amsfonts/cm/cmbx12.pfb></u
sr/local/texlive/2026basic/texmf-dist/fonts/type1/public/amsfonts/cm/cmbx8.pfb>
</usr/local/texlive/2026basic/texmf-dist/fonts/type1/public/amsfonts/cm/cmex10.
pfb></usr/local/texlive/2026basic/texmf-dist/fonts/type1/public/amsfonts/cm/cmm
i10.pfb></usr/local/texlive/2026basic/texmf-dist/fonts/type1/public/amsfonts/cm
/cmmi12.pfb></usr/local/texlive/2026basic/texmf-dist/fonts/type1/public/amsfont
s/cm/cmmi6.pfb></usr/local/texlive/2026basic/texmf-dist/fonts/type1/public/amsf
onts/cm/cmmi7.pfb></usr/local/texlive/2026basic/texmf-dist/fonts/type1/public/a
msfonts/cm/cmmi8.pfb></usr/local/texlive/2026basic/texmf-dist/fonts/type1/publi
c/amsfonts/cm/cmmib10.pfb></usr/local/texlive/2026basic/texmf-dist/fonts/type1/
public/amsfonts/cm/cmr10.pfb></usr/local/texlive/2026basic/texmf-dist/fonts/typ
e1/public/amsfonts/cm/cmr12.pfb></usr/local/texlive/2026basic/texmf-dist/fonts/
type1/public/amsfonts/cm/cmr6.pfb></usr/local/texlive/2026basic/texmf-dist/font
s/type1/public/amsfonts/cm/cmr7.pfb></usr/local/texlive/2026basic/texmf-dist/fo
nts/type1/public/amsfonts/cm/cmr8.pfb></usr/local/texlive/2026basic/texmf-dist/
fonts/type1/public/amsfonts/cm/cmsy10.pfb></usr/local/texlive/2026basic/texmf-d
ist/fonts/type1/public/amsfonts/cm/cmsy6.pfb></usr/local/texlive/2026basic/texm
f-dist/fonts/type1/public/amsfonts/cm/cmsy7.pfb></usr/local/texlive/2026basic/t
exmf-dist/fonts/type1/public/amsfonts/cm/cmsy8.pfb></usr/local/texlive/2026basi
c/texmf-dist/fonts/type1/public/amsfonts/symbols/msam10.pfb></usr/local/texlive
/2026basic/texmf-dist/fonts/type1/public/amsfonts/symbols/msbm10.pfb></usr/loca
l/texlive/2026basic/texmf-dist/fonts/type1/urw/zapfding/uzdr.pfb>
Output written on ELAPSE_CSF.pdf (52 pages, 1411134 bytes).
PDF statistics:
 2364 PDF objects out of 2487 (max. 8388607)
 1039 compressed objects within 11 object streams
 231 named destinations out of 1000 (max. 500000)
 473 words of extra memory for PDF output out of 10000 (max. 10000000)

